[debug] > Exec(run, None, None)
[debug] Evaluating tasks: Compile / run
[debug] Running task... Cancel: Signal, check cycles: false, forcegc: true
[info] downloading https://repo1.maven.org/maven2/org/springframework/boot/spring-boot-starter-data-mongodb/3.5.1/spring-boot-starter-data-mongodb-3.5.1.pom
[info] downloading https://repo1.maven.org/maven2/org/springframework/boot/spring-boot-starter-web/3.5.1/spring-boot-starter-web-3.5.1.pom
[info] downloading https://repo1.maven.org/maven2/org/springframework/boot/spring-boot-starter-security/3.5.1/spring-boot-starter-security-3.5.1.pom
[info] downloaded https://repo1.maven.org/maven2/org/springframework/boot/spring-boot-starter-security/3.5.1/spring-boot-starter-security-3.5.1.pom
[info] downloaded https://repo1.maven.org/maven2/org/springframework/boot/spring-boot-starter-data-mongodb/3.5.1/spring-boot-starter-data-mongodb-3.5.1.pom
[info] downloaded https://repo1.maven.org/maven2/org/springframework/boot/spring-boot-starter-web/3.5.1/spring-boot-starter-web-3.5.1.pom
[info] downloading https://repo1.maven.org/maven2/org/springframework/boot/spring-boot-starter/3.5.1/spring-boot-starter-3.5.1.pom
[info] downloading https://repo1.maven.org/maven2/org/springframework/boot/spring-boot-starter-json/3.5.1/spring-boot-starter-json-3.5.1.pom
[info] downloading https://repo1.maven.org/maven2/org/springframework/boot/spring-boot-starter-tomcat/3.5.1/spring-boot-starter-tomcat-3.5.1.pom
[info] downloaded https://repo1.maven.org/maven2/org/springframework/boot/spring-boot-starter/3.5.1/spring-boot-starter-3.5.1.pom
[info] downloaded https://repo1.maven.org/maven2/org/springframework/boot/spring-boot-starter-json/3.5.1/spring-boot-starter-json-3.5.1.pom
[info] downloaded https://repo1.maven.org/maven2/org/springframework/boot/spring-boot-starter-tomcat/3.5.1/spring-boot-starter-tomcat-3.5.1.pom
[info] downloading https://repo1.maven.org/maven2/org/springframework/boot/spring-boot/3.5.1/spring-boot-3.5.1.pom
[info] downloading https://repo1.maven.org/maven2/org/springframework/boot/spring-boot-starter-logging/3.5.1/spring-boot-starter-logging-3.5.1.pom
[info] downloading https://repo1.maven.org/maven2/org/springframework/boot/spring-boot-autoconfigure/3.5.1/spring-boot-autoconfigure-3.5.1.pom
[info] downloaded https://repo1.maven.org/maven2/org/springframework/boot/spring-boot/3.5.1/spring-boot-3.5.1.pom
[info] downloaded https://repo1.maven.org/maven2/org/springframework/boot/spring-boot-autoconfigure/3.5.1/spring-boot-autoconfigure-3.5.1.pom
[info] downloaded https://repo1.maven.org/maven2/org/springframework/boot/spring-boot-starter-logging/3.5.1/spring-boot-starter-logging-3.5.1.pom
[info] downloading https://repo1.maven.org/maven2/org/springframework/boot/spring-boot-starter-test/3.5.1/spring-boot-starter-test-3.5.1.pom
[info] downloading https://repo1.maven.org/maven2/org/springframework/security/spring-security-test/3.5.1/spring-security-test-3.5.1.pom
[info] downloaded https://repo1.maven.org/maven2/org/springframework/boot/spring-boot-starter-test/3.5.1/spring-boot-starter-test-3.5.1.pom
[info] downloading failed https://repo1.maven.org/maven2/org/springframework/security/spring-security-test/3.5.1/spring-security-test-3.5.1.pom
[info] downloading https://repo1.maven.org/maven2/org/springframework/security/spring-security-test/3.5.1/spring-security-test-3.5.1.pom.sha1
[info] downloading failed https://repo1.maven.org/maven2/org/springframework/security/spring-security-test/3.5.1/spring-security-test-3.5.1.pom.sha1
[info] downloading https://repo1.maven.org/maven2/org/springframework/boot/spring-boot-test/3.5.1/spring-boot-test-3.5.1.pom
[info] downloading https://repo1.maven.org/maven2/org/springframework/boot/spring-boot-test-autoconfigure/3.5.1/spring-boot-test-autoconfigure-3.5.1.pom
[info] downloaded https://repo1.maven.org/maven2/org/springframework/boot/spring-boot-test/3.5.1/spring-boot-test-3.5.1.pom
[info] downloaded https://repo1.maven.org/maven2/org/springframework/boot/spring-boot-test-autoconfigure/3.5.1/spring-boot-test-autoconfigure-3.5.1.pom
[warn] 
[warn] 	Note: Unresolved dependencies path:
[error] sbt.librarymanagement.ResolveException: Error downloading org.springframework.security:spring-security-test:3.5.1
[error]   Not found
[error]   Not found
[error]   not found: C:\Users\Levente\.ivy2\localorg.springframework.security\spring-security-test\3.5.1\ivys\ivy.xml
[error]   not found: https://repo1.maven.org/maven2/org/springframework/security/spring-security-test/3.5.1/spring-security-test-3.5.1.pom
[error] 	at lmcoursier.CoursierDependencyResolution.unresolvedWarningOrThrow(CoursierDependencyResolution.scala:347)
[error] 	at lmcoursier.CoursierDependencyResolution.$anonfun$update$39(CoursierDependencyResolution.scala:316)
[error] 	at scala.util.Either$LeftProjection.map(Either.scala:573)
[error] 	at lmcoursier.CoursierDependencyResolution.update(CoursierDependencyResolution.scala:316)
[error] 	at sbt.librarymanagement.DependencyResolution.update(DependencyResolution.scala:60)
[error] 	at sbt.internal.LibraryManagement$.resolve$1(LibraryManagement.scala:60)
[error] 	at sbt.internal.LibraryManagement$.$anonfun$cachedUpdate$12(LibraryManagement.scala:142)
[error] 	at sbt.util.Tracked$.$anonfun$lastOutput$1(Tracked.scala:74)
[error] 	at sbt.internal.LibraryManagement$.$anonfun$cachedUpdate$11(LibraryManagement.scala:144)
[error] 	at sbt.internal.LibraryManagement$.$anonfun$cachedUpdate$11$adapted(LibraryManagement.scala:131)
[error] 	at sbt.util.Tracked$.$anonfun$inputChangedW$1(Tracked.scala:220)
[error] 	at sbt.internal.LibraryManagement$.cachedUpdate(LibraryManagement.scala:169)
[error] 	at sbt.Classpaths$.$anonfun$updateTask0$1(Defaults.scala:3912)
[error] 	at scala.Function1.$anonfun$compose$1(Function1.scala:49)
[error] 	at sbt.internal.util.$tilde$greater.$anonfun$$u2219$1(TypeFunctions.scala:63)
[error] 	at sbt.std.Transform$$anon$4.work(Transform.scala:69)
[error] 	at sbt.Execute.$anonfun$submit$2(Execute.scala:283)
[error] 	at sbt.internal.util.ErrorHandling$.wideConvert(ErrorHandling.scala:24)
[error] 	at sbt.Execute.work(Execute.scala:292)
[error] 	at sbt.Execute.$anonfun$submit$1(Execute.scala:283)
[error] 	at sbt.ConcurrentRestrictions$$anon$4.$anonfun$submitValid$1(ConcurrentRestrictions.scala:265)
[error] 	at sbt.CompletionService$$anon$2.call(CompletionService.scala:65)
[error] 	at java.base/java.util.concurrent.FutureTask.run(FutureTask.java:328)
[error] 	at java.base/java.util.concurrent.Executors$RunnableAdapter.call(Executors.java:545)
[error] 	at java.base/java.util.concurrent.FutureTask.run(FutureTask.java:328)
[error] 	at java.base/java.util.concurrent.ThreadPoolExecutor.runWorker(ThreadPoolExecutor.java:1095)
[error] 	at java.base/java.util.concurrent.ThreadPoolExecutor$Worker.run(ThreadPoolExecutor.java:619)
[error] 	at java.base/java.lang.Thread.run(Thread.java:1447)
[error] (update) sbt.librarymanagement.ResolveException: Error downloading org.springframework.security:spring-security-test:3.5.1
[error]   Not found
[error]   Not found
[error]   not found: C:\Users\Levente\.ivy2\localorg.springframework.security\spring-security-test\3.5.1\ivys\ivy.xml
[error]   not found: https://repo1.maven.org/maven2/org/springframework/security/spring-security-test/3.5.1/spring-security-test-3.5.1.pom
[error] Total time: 2 s, completed 13 jul 2025, 13:32:55
[debug] > Exec(idea-shell, None, None)
